# JRE version: OpenJDK Runtime Environment (8.0_131-b11) (build 1.8.0_131-8u131-b11-0ubuntu1.16.04.2-b11)
# Java VM: OpenJDK 64-Bit Server VM (25.131-b11 mixed mode linux-amd64 compressed oops)
Heap:
 PSYoungGen      total 180736K, used 1216K [0x00000000eb800000, 0x00000000f7600000, 0x0000000100000000)
  eden space 167936K, 0% used [0x00000000eb800000,0x00000000eb800000,0x00000000f5c00000)
  from space 12800K, 9% used [0x00000000f5c00000,0x00000000f5d30010,0x00000000f6880000)
  to   space 12288K, 0% used [0x00000000f6880000,0x00000000f6880000,0x00000000f7480000)
 ParOldGen       total 35840K, used 24409K [0x00000000c2800000, 0x00000000c4b00000, 0x00000000eb800000)
  object space 35840K, 68% used [0x00000000c2800000,0x00000000c3fd6778,0x00000000c4b00000)
 Metaspace       used 27295K, capacity 28194K, committed 28464K, reserved 1075200K
  class space    used 3116K, capacity 3354K, committed 3376K, reserved 1048576K
GC Heap History (10 events):
Event: 8.822 GC heap after
Heap after GC invocations=7 (full 0):
 PSYoungGen      total 69632K, used 7152K [0x00000000eb800000, 0x00000000f4300000, 0x0000000100000000)
  eden space 62464K, 0% used [0x00000000eb800000,0x00000000eb800000,0x00000000ef500000)
  from space 7168K, 99% used [0x00000000ef500000,0x00000000efbfc010,0x00000000efc00000)
  to   space 8704K, 0% used [0x00000000f3a80000,0x00000000f3a80000,0x00000000f4300000)
 ParOldGen       total 42496K, used 8355K [0x00000000c2800000, 0x00000000c5180000, 0x00000000eb800000)
  object space 42496K, 19% used [0x00000000c2800000,0x00000000c3028f78,0x00000000c5180000)
 Metaspace       used 17412K, capacity 17794K, committed 18048K, reserved 1064960K
  class space    used 2018K, capacity 2132K, committed 2176K, reserved 1048576K
}
Event: 9.410 GC heap before
{Heap before GC invocations=8 (full 0):
 PSYoungGen      total 69632K, used 24706K [0x00000000eb800000, 0x00000000f4300000, 0x0000000100000000)
  eden space 62464K, 28% used [0x00000000eb800000,0x00000000ec9249d0,0x00000000ef500000)
  from space 7168K, 99% used [0x00000000ef500000,0x00000000efbfc010,0x00000000efc00000)
  to   space 8704K, 0% used [0x00000000f3a80000,0x00000000f3a80000,0x00000000f4300000)
 ParOldGen       total 42496K, used 8355K [0x00000000c2800000, 0x00000000c5180000, 0x00000000eb800000)
  object space 42496K, 19% used [0x00000000c2800000,0x00000000c3028f78,0x00000000c5180000)
 Metaspace       used 20667K, capacity 21228K, committed 21296K, reserved 1069056K
  class space    used 2456K, capacity 2594K, committed 2608K, reserved 1048576K
Event: 9.447 GC heap after
Heap after GC invocations=8 (full 0):
 PSYoungGen      total 133120K, used 6919K [0x00000000eb800000, 0x00000000f4400000, 0x0000000100000000)
  eden space 124416K, 0% used [0x00000000eb800000,0x00000000eb800000,0x00000000f3180000)
  from space 8704K, 79% used [0x00000000f3a80000,0x00000000f4141da0,0x00000000f4300000)
  to   space 9216K, 0% used [0x00000000f3180000,0x00000000f3180000,0x00000000f3a80000)
 ParOldGen       total 42496K, used 9565K [0x00000000c2800000, 0x00000000c5180000, 0x00000000eb800000)
  object space 42496K, 22% used [0x00000000c2800000,0x00000000c31577a8,0x00000000c5180000)
 Metaspace       used 20667K, capacity 21228K, committed 21296K, reserved 1069056K
  class space    used 2456K, capacity 2594K, committed 2608K, reserved 1048576K
}
Event: 9.447 GC heap before
{Heap before GC invocations=9 (full 1):
 PSYoungGen      total 133120K, used 6919K [0x00000000eb800000, 0x00000000f4400000, 0x0000000100000000)
  eden space 124416K, 0% used [0x00000000eb800000,0x00000000eb800000,0x00000000f3180000)
  from space 8704K, 79% used [0x00000000f3a80000,0x00000000f4141da0,0x00000000f4300000)
  to   space 9216K, 0% used [0x00000000f3180000,0x00000000f3180000,0x00000000f3a80000)
 ParOldGen       total 42496K, used 9565K [0x00000000c2800000, 0x00000000c5180000, 0x00000000eb800000)
  object space 42496K, 22% used [0x00000000c2800000,0x00000000c31577a8,0x00000000c5180000)
 Metaspace       used 20667K, capacity 21228K, committed 21296K, reserved 1069056K
  class space    used 2456K, capacity 2594K, committed 2608K, reserved 1048576K
Event: 9.589 GC heap after
Heap after GC invocations=9 (full 1):
 PSYoungGen      total 133120K, used 0K [0x00000000eb800000, 0x00000000f4400000, 0x0000000100000000)
  eden space 124416K, 0% used [0x00000000eb800000,0x00000000eb800000,0x00000000f3180000)
  from space 8704K, 0% used [0x00000000f3a80000,0x00000000f3a80000,0x00000000f4300000)
  to   space 9216K, 0% used [0x00000000f3180000,0x00000000f3180000,0x00000000f3a80000)
 ParOldGen       total 35840K, used 10911K [0x00000000c2800000, 0x00000000c4b00000, 0x00000000eb800000)
  object space 35840K, 30% used [0x00000000c2800000,0x00000000c32a7ee0,0x00000000c4b00000)
 Metaspace       used 20667K, capacity 21228K, committed 21296K, reserved 1069056K
  class space    used 2456K, capacity 2594K, committed 2608K, reserved 1048576K
}
Event: 12.368 GC heap before
{Heap before GC invocations=10 (full 1):
 PSYoungGen      total 133120K, used 124416K [0x00000000eb800000, 0x00000000f4400000, 0x0000000100000000)
  eden space 124416K, 100% used [0x00000000eb800000,0x00000000f3180000,0x00000000f3180000)
  from space 8704K, 0% used [0x00000000f3a80000,0x00000000f3a80000,0x00000000f4300000)
  to   space 9216K, 0% used [0x00000000f3180000,0x00000000f3180000,0x00000000f3a80000)
 ParOldGen       total 35840K, used 10911K [0x00000000c2800000, 0x00000000c4b00000, 0x00000000eb800000)
  object space 35840K, 30% used [0x00000000c2800000,0x00000000c32a7ee0,0x00000000c4b00000)
 Metaspace       used 26701K, capacity 27532K, committed 27696K, reserved 1073152K
  class space    used 3091K, capacity 3285K, committed 3376K, reserved 1048576K
Event: 12.392 GC heap after
Heap after GC invocations=10 (full 1):
 PSYoungGen      total 133632K, used 9210K [0x00000000eb800000, 0x00000000f7480000, 0x0000000100000000)
  eden space 124416K, 0% used [0x00000000eb800000,0x00000000eb800000,0x00000000f3180000)
  from space 9216K, 99% used [0x00000000f3180000,0x00000000f3a7e850,0x00000000f3a80000)
  to   space 12288K, 0% used [0x00000000f6880000,0x00000000f6880000,0x00000000f7480000)
 ParOldGen       total 35840K, used 15254K [0x00000000c2800000, 0x00000000c4b00000, 0x00000000eb800000)
  object space 35840K, 42% used [0x00000000c2800000,0x00000000c36e5970,0x00000000c4b00000)
 Metaspace       used 26701K, capacity 27532K, committed 27696K, reserved 1073152K
  class space    used 3091K, capacity 3285K, committed 3376K, reserved 1048576K
}
Event: 13.303 GC heap before
{Heap before GC invocations=11 (full 1):
 PSYoungGen      total 133632K, used 133626K [0x00000000eb800000, 0x00000000f7480000, 0x0000000100000000)
  eden space 124416K, 100% used [0x00000000eb800000,0x00000000f3180000,0x00000000f3180000)
  from space 9216K, 99% used [0x00000000f3180000,0x00000000f3a7e850,0x00000000f3a80000)
  to   space 12288K, 0% used [0x00000000f6880000,0x00000000f6880000,0x00000000f7480000)
 ParOldGen       total 35840K, used 15254K [0x00000000c2800000, 0x00000000c4b00000, 0x00000000eb800000)
  object space 35840K, 42% used [0x00000000c2800000,0x00000000c36e5970,0x00000000c4b00000)
 Metaspace       used 27290K, capacity 28194K, committed 28464K, reserved 1075200K
  class space    used 3116K, capacity 3354K, committed 3376K, reserved 1048576K
Event: 13.326 GC heap after
Heap after GC invocations=11 (full 1):
 PSYoungGen      total 180224K, used 9552K [0x00000000eb800000, 0x00000000f7600000, 0x0000000100000000)
  eden space 167936K, 0% used [0x00000000eb800000,0x00000000eb800000,0x00000000f5c00000)
  from space 12288K, 77% used [0x00000000f6880000,0x00000000f71d41a0,0x00000000f7480000)
  to   space 12800K, 0% used [0x00000000f5c00000,0x00000000f5c00000,0x00000000f6880000)
 ParOldGen       total 35840K, used 15262K [0x00000000c2800000, 0x00000000c4b00000, 0x00000000eb800000)
  object space 35840K, 42% used [0x00000000c2800000,0x00000000c36e7970,0x00000000c4b00000)
 Metaspace       used 27290K, capacity 28194K, committed 28464K, reserved 1075200K
  class space    used 3116K, capacity 3354K, committed 3376K, reserved 1048576K
}
Event: 13.721 GC heap before
{Heap before GC invocations=12 (full 1):
 PSYoungGen      total 180224K, used 177488K [0x00000000eb800000, 0x00000000f7600000, 0x0000000100000000)
  eden space 167936K, 100% used [0x00000000eb800000,0x00000000f5c00000,0x00000000f5c00000)
  from space 12288K, 77% used [0x00000000f6880000,0x00000000f71d41a0,0x00000000f7480000)
  to   space 12800K, 0% used [0x00000000f5c00000,0x00000000f5c00000,0x00000000f6880000)
 ParOldGen       total 35840K, used 15262K [0x00000000c2800000, 0x00000000c4b00000, 0x00000000eb800000)
  object space 35840K, 42% used [0x00000000c2800000,0x00000000c36e7970,0x00000000c4b00000)
 Metaspace       used 27295K, capacity 28194K, committed 28464K, reserved 1075200K
  class space    used 3116K, capacity 3354K, committed 3376K, reserved 1048576K

