# JRE version: OpenJDK Runtime Environment (8.0_131-b11) (build 1.8.0_131-8u131-b11-0ubuntu1.16.04.2-b11)
# Java VM: OpenJDK 64-Bit Server VM (25.131-b11 mixed mode linux-amd64 compressed oops)
Heap:
 PSYoungGen      total 179200K, used 736K [0x00000000eb800000, 0x00000000f7680000, 0x0000000100000000)
  eden space 164352K, 0% used [0x00000000eb800000,0x00000000eb800000,0x00000000f5880000)
  from space 14848K, 4% used [0x00000000f5880000,0x00000000f5938010,0x00000000f6700000)
  to   space 13312K, 0% used [0x00000000f6700000,0x00000000f6700000,0x00000000f7400000)
 ParOldGen       total 36864K, used 28552K [0x00000000c2800000, 0x00000000c4c00000, 0x00000000eb800000)
  object space 36864K, 77% used [0x00000000c2800000,0x00000000c43e2370,0x00000000c4c00000)
 Metaspace       used 32661K, capacity 33622K, committed 33840K, reserved 1079296K
  class space    used 3747K, capacity 4023K, committed 4144K, reserved 1048576K
GC Heap History (10 events):
Event: 8.275 GC heap after
Heap after GC invocations=7 (full 0):
 PSYoungGen      total 69632K, used 7152K [0x00000000eb800000, 0x00000000f4300000, 0x0000000100000000)
  eden space 62464K, 0% used [0x00000000eb800000,0x00000000eb800000,0x00000000ef500000)
  from space 7168K, 99% used [0x00000000ef500000,0x00000000efbfc010,0x00000000efc00000)
  to   space 8704K, 0% used [0x00000000f3a80000,0x00000000f3a80000,0x00000000f4300000)
 ParOldGen       total 42496K, used 8489K [0x00000000c2800000, 0x00000000c5180000, 0x00000000eb800000)
  object space 42496K, 19% used [0x00000000c2800000,0x00000000c304a520,0x00000000c5180000)
 Metaspace       used 17433K, capacity 17846K, committed 18048K, reserved 1064960K
  class space    used 2015K, capacity 2128K, committed 2176K, reserved 1048576K
}
Event: 9.369 GC heap before
{Heap before GC invocations=8 (full 0):
 PSYoungGen      total 69632K, used 24655K [0x00000000eb800000, 0x00000000f4300000, 0x0000000100000000)
  eden space 62464K, 28% used [0x00000000eb800000,0x00000000ec917d88,0x00000000ef500000)
  from space 7168K, 99% used [0x00000000ef500000,0x00000000efbfc010,0x00000000efc00000)
  to   space 8704K, 0% used [0x00000000f3a80000,0x00000000f3a80000,0x00000000f4300000)
 ParOldGen       total 42496K, used 8489K [0x00000000c2800000, 0x00000000c5180000, 0x00000000eb800000)
  object space 42496K, 19% used [0x00000000c2800000,0x00000000c304a520,0x00000000c5180000)
 Metaspace       used 20722K, capacity 21228K, committed 21296K, reserved 1069056K
  class space    used 2457K, capacity 2594K, committed 2608K, reserved 1048576K
Event: 9.481 GC heap after
Heap after GC invocations=8 (full 0):
 PSYoungGen      total 133120K, used 7151K [0x00000000eb800000, 0x00000000f4400000, 0x0000000100000000)
  eden space 124416K, 0% used [0x00000000eb800000,0x00000000eb800000,0x00000000f3180000)
  from space 8704K, 82% used [0x00000000f3a80000,0x00000000f417bdb8,0x00000000f4300000)
  to   space 9216K, 0% used [0x00000000f3180000,0x00000000f3180000,0x00000000f3a80000)
 ParOldGen       total 42496K, used 9553K [0x00000000c2800000, 0x00000000c5180000, 0x00000000eb800000)
  object space 42496K, 22% used [0x00000000c2800000,0x00000000c3154540,0x00000000c5180000)
 Metaspace       used 20722K, capacity 21228K, committed 21296K, reserved 1069056K
  class space    used 2457K, capacity 2594K, committed 2608K, reserved 1048576K
}
Event: 9.481 GC heap before
{Heap before GC invocations=9 (full 1):
 PSYoungGen      total 133120K, used 7151K [0x00000000eb800000, 0x00000000f4400000, 0x0000000100000000)
  eden space 124416K, 0% used [0x00000000eb800000,0x00000000eb800000,0x00000000f3180000)
  from space 8704K, 82% used [0x00000000f3a80000,0x00000000f417bdb8,0x00000000f4300000)
  to   space 9216K, 0% used [0x00000000f3180000,0x00000000f3180000,0x00000000f3a80000)
 ParOldGen       total 42496K, used 9553K [0x00000000c2800000, 0x00000000c5180000, 0x00000000eb800000)
  object space 42496K, 22% used [0x00000000c2800000,0x00000000c3154540,0x00000000c5180000)
 Metaspace       used 20722K, capacity 21228K, committed 21296K, reserved 1069056K
  class space    used 2457K, capacity 2594K, committed 2608K, reserved 1048576K
Event: 9.780 GC heap after
Heap after GC invocations=9 (full 1):
 PSYoungGen      total 133120K, used 0K [0x00000000eb800000, 0x00000000f4400000, 0x0000000100000000)
  eden space 124416K, 0% used [0x00000000eb800000,0x00000000eb800000,0x00000000f3180000)
  from space 8704K, 0% used [0x00000000f3a80000,0x00000000f3a80000,0x00000000f4300000)
  to   space 9216K, 0% used [0x00000000f3180000,0x00000000f3180000,0x00000000f3a80000)
 ParOldGen       total 36864K, used 11032K [0x00000000c2800000, 0x00000000c4c00000, 0x00000000eb800000)
  object space 36864K, 29% used [0x00000000c2800000,0x00000000c32c6138,0x00000000c4c00000)
 Metaspace       used 20722K, capacity 21228K, committed 21296K, reserved 1069056K
  class space    used 2457K, capacity 2594K, committed 2608K, reserved 1048576K
}
Event: 14.745 GC heap before
{Heap before GC invocations=10 (full 1):
 PSYoungGen      total 133120K, used 124416K [0x00000000eb800000, 0x00000000f4400000, 0x0000000100000000)
  eden space 124416K, 100% used [0x00000000eb800000,0x00000000f3180000,0x00000000f3180000)
  from space 8704K, 0% used [0x00000000f3a80000,0x00000000f3a80000,0x00000000f4300000)
  to   space 9216K, 0% used [0x00000000f3180000,0x00000000f3180000,0x00000000f3a80000)
 ParOldGen       total 36864K, used 11032K [0x00000000c2800000, 0x00000000c4c00000, 0x00000000eb800000)
  object space 36864K, 29% used [0x00000000c2800000,0x00000000c32c6138,0x00000000c4c00000)
 Metaspace       used 30485K, capacity 31290K, committed 31664K, reserved 1077248K
  class space    used 3518K, capacity 3736K, committed 3760K, reserved 1048576K
Event: 14.793 GC heap after
Heap after GC invocations=10 (full 1):
 PSYoungGen      total 133632K, used 9210K [0x00000000eb800000, 0x00000000f7400000, 0x0000000100000000)
  eden space 124416K, 0% used [0x00000000eb800000,0x00000000eb800000,0x00000000f3180000)
  from space 9216K, 99% used [0x00000000f3180000,0x00000000f3a7eb20,0x00000000f3a80000)
  to   space 13312K, 0% used [0x00000000f6700000,0x00000000f6700000,0x00000000f7400000)
 ParOldGen       total 36864K, used 18143K [0x00000000c2800000, 0x00000000c4c00000, 0x00000000eb800000)
  object space 36864K, 49% used [0x00000000c2800000,0x00000000c39b7dd0,0x00000000c4c00000)
 Metaspace       used 30485K, capacity 31290K, committed 31664K, reserved 1077248K
  class space    used 3518K, capacity 3736K, committed 3760K, reserved 1048576K
}
Event: 22.949 GC heap before
{Heap before GC invocations=11 (full 1):
 PSYoungGen      total 133632K, used 133626K [0x00000000eb800000, 0x00000000f7400000, 0x0000000100000000)
  eden space 124416K, 100% used [0x00000000eb800000,0x00000000f3180000,0x00000000f3180000)
  from space 9216K, 99% used [0x00000000f3180000,0x00000000f3a7eb20,0x00000000f3a80000)
  to   space 13312K, 0% used [0x00000000f6700000,0x00000000f6700000,0x00000000f7400000)
 ParOldGen       total 36864K, used 18143K [0x00000000c2800000, 0x00000000c4c00000, 0x00000000eb800000)
  object space 36864K, 49% used [0x00000000c2800000,0x00000000c39b7dd0,0x00000000c4c00000)
 Metaspace       used 32612K, capacity 33622K, committed 33840K, reserved 1079296K
  class space    used 3747K, capacity 4023K, committed 4144K, reserved 1048576K
Event: 23.275 GC heap after
Heap after GC invocations=11 (full 1):
 PSYoungGen      total 177664K, used 12321K [0x00000000eb800000, 0x00000000f7680000, 0x0000000100000000)
  eden space 164352K, 0% used [0x00000000eb800000,0x00000000eb800000,0x00000000f5880000)
  from space 13312K, 92% used [0x00000000f6700000,0x00000000f7308698,0x00000000f7400000)
  to   space 14848K, 0% used [0x00000000f5880000,0x00000000f5880000,0x00000000f6700000)
 ParOldGen       total 36864K, used 18143K [0x00000000c2800000, 0x00000000c4c00000, 0x00000000eb800000)
  object space 36864K, 49% used [0x00000000c2800000,0x00000000c39b7dd0,0x00000000c4c00000)
 Metaspace       used 32612K, capacity 33622K, committed 33840K, reserved 1079296K
  class space    used 3747K, capacity 4023K, committed 4144K, reserved 1048576K
}
Event: 31.000 GC heap before
{Heap before GC invocations=12 (full 1):
 PSYoungGen      total 177664K, used 176673K [0x00000000eb800000, 0x00000000f7680000, 0x0000000100000000)
  eden space 164352K, 100% used [0x00000000eb800000,0x00000000f5880000,0x00000000f5880000)
  from space 13312K, 92% used [0x00000000f6700000,0x00000000f7308698,0x00000000f7400000)
  to   space 14848K, 0% used [0x00000000f5880000,0x00000000f5880000,0x00000000f6700000)
 ParOldGen       total 36864K, used 18143K [0x00000000c2800000, 0x00000000c4c00000, 0x00000000eb800000)
  object space 36864K, 49% used [0x00000000c2800000,0x00000000c39b7dd0,0x00000000c4c00000)
 Metaspace       used 32661K, capacity 33622K, committed 33840K, reserved 1079296K
  class space    used 3747K, capacity 4023K, committed 4144K, reserved 1048576K

